[2018-01-31 10:17:26] request.INFO: Matched route "admin_product_form". {"route_parameters":{"_controller":"PrestaShopBundle\\Controller\\Admin\\ProductController::formAction","_legacy_controller":"AdminProducts","_legacy_param_mapper_class":"PrestaShop\\PrestaShop\\Adapter\\Product\\AdminProductDataProvider","_legacy_param_mapper_method":"mapLegacyParametersProductForm","id":"8","_route":"admin_product_form"},"request_uri":"http://localhost/stage/webshop/admin378e5kpgu/index.php/product/form/8?_token=sFhx3ZWVcDAsg77u2_X2puoEc_yJqZiQm_LVfGnJBOg"} []
[2018-01-31 10:17:26] security.DEBUG: Read existing security token from the session. {"key":"_security_main"} []
[2018-01-31 10:17:26] security.DEBUG: User was reloaded from a user provider. {"username":"lemonture@gmail.com","provider":"PrestaShopBundle\\Security\\Admin\\EmployeeProvider"} []
[2018-01-31 10:17:56] request.CRITICAL: Uncaught PHP Exception Symfony\Component\Debug\Exception\FatalErrorException: "Error: Maximum execution time of 30 seconds exceeded" at C:\xampp\htdocs\stage\webshop\classes\db\DbPDO.php line 134 {"exception":"[object] (Symfony\\Component\\Debug\\Exception\\FatalErrorException(code: 0): Error: Maximum execution time of 30 seconds exceeded at C:\\xampp\\htdocs\\stage\\webshop\\classes\\db\\DbPDO.php:134)"} []
[2018-01-31 10:17:56] security.DEBUG: Stored the security token in the session. {"key":"_security_main"} []
[2018-01-31 11:15:19] request.INFO: Matched route "admin_module_manage_action". {"route_parameters":{"_controller":"PrestaShopBundle\\Controller\\Admin\\ModuleController::moduleAction","action":"upgrade","module_name":"dashactivity","_route":"admin_module_manage_action"},"request_uri":"http://localhost/stage/webshop/admin378e5kpgu/index.php/module/manage/action/upgrade/dashactivity?_token=sFhx3ZWVcDAsg77u2_X2puoEc_yJqZiQm_LVfGnJBOg"} []
[2018-01-31 11:15:19] security.DEBUG: Read existing security token from the session. {"key":"_security_main"} []
[2018-01-31 11:15:19] security.DEBUG: User was reloaded from a user provider. {"username":"lemonture@gmail.com","provider":"PrestaShopBundle\\Security\\Admin\\EmployeeProvider"} []
[2018-01-31 11:15:48] request.CRITICAL: Uncaught PHP Exception Symfony\Component\Debug\Exception\FatalErrorException: "Error: Maximum execution time of 30 seconds exceeded" at C:\xampp\htdocs\stage\webshop\classes\Tools.php line 1911 {"exception":"[object] (Symfony\\Component\\Debug\\Exception\\FatalErrorException(code: 0): Error: Maximum execution time of 30 seconds exceeded at C:\\xampp\\htdocs\\stage\\webshop\\classes\\Tools.php:1911)"} []
[2018-01-31 11:15:48] security.DEBUG: Stored the security token in the session. {"key":"_security_main"} []
[2018-01-31 11:15:19] request.INFO: Matched route "admin_module_manage_action". {"route_parameters":{"_controller":"PrestaShopBundle\\Controller\\Admin\\ModuleController::moduleAction","action":"upgrade","module_name":"dashproducts","_route":"admin_module_manage_action"},"request_uri":"http://localhost/stage/webshop/admin378e5kpgu/index.php/module/manage/action/upgrade/dashproducts?_token=sFhx3ZWVcDAsg77u2_X2puoEc_yJqZiQm_LVfGnJBOg"} []
[2018-01-31 11:15:48] request.CRITICAL: Uncaught PHP Exception Symfony\Component\Debug\Exception\FatalErrorException: "Error: Maximum execution time of 30 seconds exceeded" at C:\xampp\htdocs\stage\webshop\app\cache\prod\classes.php line 417 {"exception":"[object] (Symfony\\Component\\Debug\\Exception\\FatalErrorException(code: 0): Error: Maximum execution time of 30 seconds exceeded at C:\\xampp\\htdocs\\stage\\webshop\\app\\cache\\prod\\classes.php:417)"} []
[2018-01-31 11:15:49] security.DEBUG: Stored the security token in the session. {"key":"_security_main"} []
[2018-01-31 11:15:19] request.INFO: Matched route "admin_module_manage_action". {"route_parameters":{"_controller":"PrestaShopBundle\\Controller\\Admin\\ModuleController::moduleAction","action":"upgrade","module_name":"dashgoals","_route":"admin_module_manage_action"},"request_uri":"http://localhost/stage/webshop/admin378e5kpgu/index.php/module/manage/action/upgrade/dashgoals?_token=sFhx3ZWVcDAsg77u2_X2puoEc_yJqZiQm_LVfGnJBOg"} []
[2018-01-31 11:15:49] request.CRITICAL: Uncaught PHP Exception Symfony\Component\Debug\Exception\FatalErrorException: "Error: Maximum execution time of 30 seconds exceeded" at C:\xampp\htdocs\stage\webshop\app\cache\prod\classes.php line 417 {"exception":"[object] (Symfony\\Component\\Debug\\Exception\\FatalErrorException(code: 0): Error: Maximum execution time of 30 seconds exceeded at C:\\xampp\\htdocs\\stage\\webshop\\app\\cache\\prod\\classes.php:417)"} []
[2018-01-31 11:15:49] security.DEBUG: Stored the security token in the session. {"key":"_security_main"} []
[2018-01-31 11:15:19] request.INFO: Matched route "admin_module_manage_action". {"route_parameters":{"_controller":"PrestaShopBundle\\Controller\\Admin\\ModuleController::moduleAction","action":"upgrade","module_name":"ps_contactinfo","_route":"admin_module_manage_action"},"request_uri":"http://localhost/stage/webshop/admin378e5kpgu/index.php/module/manage/action/upgrade/ps_contactinfo?_token=sFhx3ZWVcDAsg77u2_X2puoEc_yJqZiQm_LVfGnJBOg"} []
[2018-01-31 11:15:49] request.CRITICAL: Uncaught PHP Exception Symfony\Component\Debug\Exception\FatalErrorException: "Error: Maximum execution time of 30 seconds exceeded" at C:\xampp\htdocs\stage\webshop\app\cache\prod\classes.php line 417 {"exception":"[object] (Symfony\\Component\\Debug\\Exception\\FatalErrorException(code: 0): Error: Maximum execution time of 30 seconds exceeded at C:\\xampp\\htdocs\\stage\\webshop\\app\\cache\\prod\\classes.php:417)"} []
[2018-01-31 11:15:49] security.DEBUG: Stored the security token in the session. {"key":"_security_main"} []
[2018-01-31 11:15:19] request.INFO: Matched route "admin_module_manage_action". {"route_parameters":{"_controller":"PrestaShopBundle\\Controller\\Admin\\ModuleController::moduleAction","action":"upgrade","module_name":"ps_customeraccountlinks","_route":"admin_module_manage_action"},"request_uri":"http://localhost/stage/webshop/admin378e5kpgu/index.php/module/manage/action/upgrade/ps_customeraccountlinks?_token=sFhx3ZWVcDAsg77u2_X2puoEc_yJqZiQm_LVfGnJBOg"} []
[2018-01-31 11:15:49] request.CRITICAL: Uncaught PHP Exception Symfony\Component\Debug\Exception\FatalErrorException: "Error: Maximum execution time of 30 seconds exceeded" at C:\xampp\htdocs\stage\webshop\app\cache\prod\classes.php line 417 {"exception":"[object] (Symfony\\Component\\Debug\\Exception\\FatalErrorException(code: 0): Error: Maximum execution time of 30 seconds exceeded at C:\\xampp\\htdocs\\stage\\webshop\\app\\cache\\prod\\classes.php:417)"} []
[2018-01-31 11:15:50] security.DEBUG: Stored the security token in the session. {"key":"_security_main"} []
[2018-01-31 11:15:19] request.INFO: Matched route "admin_module_manage_action". {"route_parameters":{"_controller":"PrestaShopBundle\\Controller\\Admin\\ModuleController::moduleAction","action":"upgrade","module_name":"ps_emailsubscription","_route":"admin_module_manage_action"},"request_uri":"http://localhost/stage/webshop/admin378e5kpgu/index.php/module/manage/action/upgrade/ps_emailsubscription?_token=sFhx3ZWVcDAsg77u2_X2puoEc_yJqZiQm_LVfGnJBOg"} []
[2018-01-31 11:15:50] request.CRITICAL: Uncaught PHP Exception Symfony\Component\Debug\Exception\FatalErrorException: "Error: Maximum execution time of 30 seconds exceeded" at C:\xampp\htdocs\stage\webshop\app\cache\prod\classes.php line 417 {"exception":"[object] (Symfony\\Component\\Debug\\Exception\\FatalErrorException(code: 0): Error: Maximum execution time of 30 seconds exceeded at C:\\xampp\\htdocs\\stage\\webshop\\app\\cache\\prod\\classes.php:417)"} []
[2018-01-31 11:15:50] security.DEBUG: Stored the security token in the session. {"key":"_security_main"} []
[2018-01-31 11:15:49] request.INFO: Matched route "admin_module_manage_action". {"route_parameters":{"_controller":"PrestaShopBundle\\Controller\\Admin\\ModuleController::moduleAction","action":"upgrade","module_name":"ps_facetedsearch","_route":"admin_module_manage_action"},"request_uri":"http://localhost/stage/webshop/admin378e5kpgu/index.php/module/manage/action/upgrade/ps_facetedsearch?_token=sFhx3ZWVcDAsg77u2_X2puoEc_yJqZiQm_LVfGnJBOg"} []
[2018-01-31 11:15:50] security.DEBUG: Read existing security token from the session. {"key":"_security_main"} []
[2018-01-31 11:15:50] security.DEBUG: User was reloaded from a user provider. {"username":"lemonture@gmail.com","provider":"PrestaShopBundle\\Security\\Admin\\EmployeeProvider"} []
[2018-01-31 11:16:19] request.CRITICAL: Uncaught PHP Exception Symfony\Component\Debug\Exception\FatalErrorException: "Error: Maximum execution time of 30 seconds exceeded" at C:\xampp\htdocs\stage\webshop\classes\Tools.php line 1911 {"exception":"[object] (Symfony\\Component\\Debug\\Exception\\FatalErrorException(code: 0): Error: Maximum execution time of 30 seconds exceeded at C:\\xampp\\htdocs\\stage\\webshop\\classes\\Tools.php:1911)"} []
[2018-01-31 11:16:19] security.DEBUG: Stored the security token in the session. {"key":"_security_main"} []
[2018-01-31 11:15:49] request.INFO: Matched route "admin_module_manage_action". {"route_parameters":{"_controller":"PrestaShopBundle\\Controller\\Admin\\ModuleController::moduleAction","action":"upgrade","module_name":"statsbestcustomers","_route":"admin_module_manage_action"},"request_uri":"http://localhost/stage/webshop/admin378e5kpgu/index.php/module/manage/action/upgrade/statsbestcustomers?_token=sFhx3ZWVcDAsg77u2_X2puoEc_yJqZiQm_LVfGnJBOg"} []
[2018-01-31 11:16:19] request.CRITICAL: Uncaught PHP Exception Symfony\Component\Debug\Exception\FatalErrorException: "Error: Maximum execution time of 30 seconds exceeded" at C:\xampp\htdocs\stage\webshop\app\cache\prod\classes.php line 417 {"exception":"[object] (Symfony\\Component\\Debug\\Exception\\FatalErrorException(code: 0): Error: Maximum execution time of 30 seconds exceeded at C:\\xampp\\htdocs\\stage\\webshop\\app\\cache\\prod\\classes.php:417)"} []
[2018-01-31 11:16:20] security.DEBUG: Stored the security token in the session. {"key":"_security_main"} []
[2018-01-31 11:15:49] request.INFO: Matched route "admin_module_manage_action". {"route_parameters":{"_controller":"PrestaShopBundle\\Controller\\Admin\\ModuleController::moduleAction","action":"upgrade","module_name":"statsforecast","_route":"admin_module_manage_action"},"request_uri":"http://localhost/stage/webshop/admin378e5kpgu/index.php/module/manage/action/upgrade/statsforecast?_token=sFhx3ZWVcDAsg77u2_X2puoEc_yJqZiQm_LVfGnJBOg"} []
[2018-01-31 11:16:20] request.CRITICAL: Uncaught PHP Exception Symfony\Component\Debug\Exception\FatalErrorException: "Error: Maximum execution time of 30 seconds exceeded" at C:\xampp\htdocs\stage\webshop\app\cache\prod\classes.php line 417 {"exception":"[object] (Symfony\\Component\\Debug\\Exception\\FatalErrorException(code: 0): Error: Maximum execution time of 30 seconds exceeded at C:\\xampp\\htdocs\\stage\\webshop\\app\\cache\\prod\\classes.php:417)"} []
[2018-01-31 11:16:20] security.DEBUG: Stored the security token in the session. {"key":"_security_main"} []
[2018-01-31 11:15:50] request.INFO: Matched route "admin_module_manage_action". {"route_parameters":{"_controller":"PrestaShopBundle\\Controller\\Admin\\ModuleController::moduleAction","action":"upgrade","module_name":"statsnewsletter","_route":"admin_module_manage_action"},"request_uri":"http://localhost/stage/webshop/admin378e5kpgu/index.php/module/manage/action/upgrade/statsnewsletter?_token=sFhx3ZWVcDAsg77u2_X2puoEc_yJqZiQm_LVfGnJBOg"} []
[2018-01-31 11:16:20] request.CRITICAL: Uncaught PHP Exception Symfony\Component\Debug\Exception\FatalErrorException: "Error: Maximum execution time of 30 seconds exceeded" at C:\xampp\htdocs\stage\webshop\app\cache\prod\classes.php line 417 {"exception":"[object] (Symfony\\Component\\Debug\\Exception\\FatalErrorException(code: 0): Error: Maximum execution time of 30 seconds exceeded at C:\\xampp\\htdocs\\stage\\webshop\\app\\cache\\prod\\classes.php:417)"} []
[2018-01-31 11:16:20] security.DEBUG: Stored the security token in the session. {"key":"_security_main"} []
[2018-01-31 11:15:50] request.INFO: Matched route "admin_module_manage_action". {"route_parameters":{"_controller":"PrestaShopBundle\\Controller\\Admin\\ModuleController::moduleAction","action":"upgrade","module_name":"statsorigin","_route":"admin_module_manage_action"},"request_uri":"http://localhost/stage/webshop/admin378e5kpgu/index.php/module/manage/action/upgrade/statsorigin?_token=sFhx3ZWVcDAsg77u2_X2puoEc_yJqZiQm_LVfGnJBOg"} []
[2018-01-31 11:16:20] request.CRITICAL: Uncaught PHP Exception Symfony\Component\Debug\Exception\FatalErrorException: "Error: Maximum execution time of 30 seconds exceeded" at C:\xampp\htdocs\stage\webshop\app\cache\prod\classes.php line 417 {"exception":"[object] (Symfony\\Component\\Debug\\Exception\\FatalErrorException(code: 0): Error: Maximum execution time of 30 seconds exceeded at C:\\xampp\\htdocs\\stage\\webshop\\app\\cache\\prod\\classes.php:417)"} []
[2018-01-31 11:16:20] security.DEBUG: Stored the security token in the session. {"key":"_security_main"} []
[2018-01-31 11:15:50] request.INFO: Matched route "admin_module_manage_action". {"route_parameters":{"_controller":"PrestaShopBundle\\Controller\\Admin\\ModuleController::moduleAction","action":"upgrade","module_name":"statspersonalinfos","_route":"admin_module_manage_action"},"request_uri":"http://localhost/stage/webshop/admin378e5kpgu/index.php/module/manage/action/upgrade/statspersonalinfos?_token=sFhx3ZWVcDAsg77u2_X2puoEc_yJqZiQm_LVfGnJBOg"} []
[2018-01-31 11:16:20] request.CRITICAL: Uncaught PHP Exception Symfony\Component\Debug\Exception\FatalErrorException: "Error: Maximum execution time of 30 seconds exceeded" at C:\xampp\htdocs\stage\webshop\app\cache\prod\classes.php line 417 {"exception":"[object] (Symfony\\Component\\Debug\\Exception\\FatalErrorException(code: 0): Error: Maximum execution time of 30 seconds exceeded at C:\\xampp\\htdocs\\stage\\webshop\\app\\cache\\prod\\classes.php:417)"} []
[2018-01-31 11:16:21] security.DEBUG: Stored the security token in the session. {"key":"_security_main"} []
[2018-01-31 14:28:50] request.INFO: Matched route "admin_module_catalog". {"route_parameters":{"_controller":"PrestaShopBundle\\Controller\\Admin\\ModuleController::catalogAction","_legacy_controller":"AdminModules","_route":"admin_module_catalog"},"request_uri":"http://localhost/stage/webshop/admin378e5kpgu/index.php/module/catalog?_token=sFhx3ZWVcDAsg77u2_X2puoEc_yJqZiQm_LVfGnJBOg"} []
[2018-01-31 14:28:52] security.DEBUG: Read existing security token from the session. {"key":"_security_main"} []
[2018-01-31 14:28:53] security.DEBUG: User was reloaded from a user provider. {"username":"lemonture@gmail.com","provider":"PrestaShopBundle\\Security\\Admin\\EmployeeProvider"} []
[2018-01-31 14:29:16] request.CRITICAL: Uncaught PHP Exception Symfony\Component\Debug\Exception\FatalErrorException: "Error: Maximum execution time of 30 seconds exceeded" at C:\xampp\htdocs\stage\webshop\src\Core\Addon\Module\ModuleRepository.php line 445 {"exception":"[object] (Symfony\\Component\\Debug\\Exception\\FatalErrorException(code: 0): Error: Maximum execution time of 30 seconds exceeded at C:\\xampp\\htdocs\\stage\\webshop\\src\\Core\\Addon\\Module\\ModuleRepository.php:445)"} []
[2018-01-31 14:29:16] security.DEBUG: Stored the security token in the session. {"key":"_security_main"} []
[2018-02-01 10:01:25] request.INFO: Matched route "admin_module_catalog". {"route_parameters":{"_controller":"PrestaShopBundle\\Controller\\Admin\\ModuleController::catalogAction","_legacy_controller":"AdminModules","_route":"admin_module_catalog"},"request_uri":"http://localhost/stage/webshop/admin378e5kpgu/index.php/module/catalog?_token=nWxMgpoIrN30ITdqk5yDFaItWyFcbsA6LzHKjQz36YA"} []
[2018-02-01 10:01:25] security.DEBUG: Read existing security token from the session. {"key":"_security_main"} []
[2018-02-01 10:01:25] security.DEBUG: User was reloaded from a user provider. {"username":"lemonture@gmail.com","provider":"PrestaShopBundle\\Security\\Admin\\EmployeeProvider"} []
[2018-02-01 10:01:34] app.ERROR: Data from PrestaShop Addons is invalid, and cannot fallback on cache.  {"exception":"cURL error 28: Operation timed out after 5000 milliseconds with 623667906084864 bytes received"} []
[2018-02-01 10:01:40] security.DEBUG: Stored the security token in the session. {"key":"_security_main"} []
[2018-02-01 10:01:41] request.INFO: Matched route "admin_module_catalog_refresh". {"route_parameters":{"category":null,"keyword":null,"_controller":"PrestaShopBundle\\Controller\\Admin\\ModuleController::refreshCatalogAction","_legacy_controller":"AdminModules","_route":"admin_module_catalog_refresh"},"request_uri":"http://localhost/stage/webshop/admin378e5kpgu/index.php/module/catalog/refresh?_token=nWxMgpoIrN30ITdqk5yDFaItWyFcbsA6LzHKjQz36YA"} []
[2018-02-01 10:01:41] security.DEBUG: Read existing security token from the session. {"key":"_security_main"} []
[2018-02-01 10:01:41] security.DEBUG: User was reloaded from a user provider. {"username":"lemonture@gmail.com","provider":"PrestaShopBundle\\Security\\Admin\\EmployeeProvider"} []
[2018-02-01 10:01:57] app.ERROR: Data from PrestaShop Addons is invalid, and cannot fallback on cache.  {"exception":"cURL error 28: Operation timed out after 5000 milliseconds with 309482458447872 bytes received"} []
[2018-02-01 10:01:58] security.DEBUG: Stored the security token in the session. {"key":"_security_main"} []
[2018-02-01 10:01:43] request.INFO: Matched route "admin_module_manage". {"route_parameters":{"category":null,"keyword":null,"_controller":"PrestaShopBundle\\Controller\\Admin\\ModuleController::manageAction","_legacy_controller":"AdminModules","_route":"admin_module_manage"},"request_uri":"http://localhost/stage/webshop/admin378e5kpgu/index.php/module/manage?_token=nWxMgpoIrN30ITdqk5yDFaItWyFcbsA6LzHKjQz36YA"} []
[2018-02-01 10:01:58] security.DEBUG: Read existing security token from the session. {"key":"_security_main"} []
[2018-02-01 10:01:58] security.DEBUG: User was reloaded from a user provider. {"username":"lemonture@gmail.com","provider":"PrestaShopBundle\\Security\\Admin\\EmployeeProvider"} []
[2018-02-01 10:02:03] app.ERROR: Data from PrestaShop Addons is invalid, and cannot fallback on cache.  {"exception":"cURL error 28: Operation timed out after 5000 milliseconds with 396206438088704 bytes received"} []
[2018-02-01 10:02:05] security.DEBUG: Stored the security token in the session. {"key":"_security_main"} []
[2018-02-01 10:02:11] request.INFO: Matched route "admin_module_configure_action". {"route_parameters":{"_controller":"PrestaShopBundle\\Controller\\Admin\\ModuleController::configureModuleAction","_legacy_controller":"AdminModules","module_name":"ps_imageslider","_route":"admin_module_configure_action"},"request_uri":"http://localhost/stage/webshop/admin378e5kpgu/index.php/module/manage/action/configure/ps_imageslider?_token=nWxMgpoIrN30ITdqk5yDFaItWyFcbsA6LzHKjQz36YA"} []
[2018-02-01 10:02:11] security.DEBUG: Read existing security token from the session. {"key":"_security_main"} []
[2018-02-01 10:02:11] security.DEBUG: User was reloaded from a user provider. {"username":"lemonture@gmail.com","provider":"PrestaShopBundle\\Security\\Admin\\EmployeeProvider"} []
[2018-02-01 10:02:17] app.ERROR: Data from PrestaShop Addons is invalid, and cannot fallback on cache.  {"exception":"cURL error 28: Operation timed out after 5015 milliseconds with 17184164151296 bytes received"} []
[2018-02-01 10:02:18] security.DEBUG: Stored the security token in the session. {"key":"_security_main"} []
[2018-02-01 10:42:32] request.INFO: Matched route "admin_module_catalog". {"route_parameters":{"_controller":"PrestaShopBundle\\Controller\\Admin\\ModuleController::catalogAction","_legacy_controller":"AdminModules","_route":"admin_module_catalog"},"request_uri":"http://localhost/stage/webshop/admin378e5kpgu/index.php/module/catalog?_token=nWxMgpoIrN30ITdqk5yDFaItWyFcbsA6LzHKjQz36YA"} []
[2018-02-01 10:42:32] security.DEBUG: Read existing security token from the session. {"key":"_security_main"} []
[2018-02-01 10:42:32] security.DEBUG: User was reloaded from a user provider. {"username":"lemonture@gmail.com","provider":"PrestaShopBundle\\Security\\Admin\\EmployeeProvider"} []
[2018-02-01 10:42:37] app.ERROR: Data from PrestaShop Addons is invalid, and cannot fallback on cache.  {"exception":"cURL error 28: Operation timed out after 5000 milliseconds with 623629251379200 bytes received"} []
[2018-02-01 10:42:39] security.DEBUG: Stored the security token in the session. {"key":"_security_main"} []
[2018-02-01 10:42:40] request.INFO: Matched route "admin_module_catalog_refresh". {"route_parameters":{"category":null,"keyword":null,"_controller":"PrestaShopBundle\\Controller\\Admin\\ModuleController::refreshCatalogAction","_legacy_controller":"AdminModules","_route":"admin_module_catalog_refresh"},"request_uri":"http://localhost/stage/webshop/admin378e5kpgu/index.php/module/catalog/refresh?_token=nWxMgpoIrN30ITdqk5yDFaItWyFcbsA6LzHKjQz36YA"} []
[2018-02-01 10:42:40] security.DEBUG: Read existing security token from the session. {"key":"_security_main"} []
[2018-02-01 10:42:40] security.DEBUG: User was reloaded from a user provider. {"username":"lemonture@gmail.com","provider":"PrestaShopBundle\\Security\\Admin\\EmployeeProvider"} []
[2018-02-01 10:42:45] app.ERROR: Data from PrestaShop Addons is invalid, and cannot fallback on cache.  {"exception":"cURL error 28: Operation timed out after 5000 milliseconds with 431562608869376 bytes received"} []
[2018-02-01 10:42:46] security.DEBUG: Stored the security token in the session. {"key":"_security_main"} []
[2018-02-01 10:42:43] request.INFO: Matched route "admin_module_manage". {"route_parameters":{"category":null,"keyword":null,"_controller":"PrestaShopBundle\\Controller\\Admin\\ModuleController::manageAction","_legacy_controller":"AdminModules","_route":"admin_module_manage"},"request_uri":"http://localhost/stage/webshop/admin378e5kpgu/index.php/module/manage?_token=nWxMgpoIrN30ITdqk5yDFaItWyFcbsA6LzHKjQz36YA"} []
[2018-02-01 10:42:46] security.DEBUG: Read existing security token from the session. {"key":"_security_main"} []
[2018-02-01 10:42:46] security.DEBUG: User was reloaded from a user provider. {"username":"lemonture@gmail.com","provider":"PrestaShopBundle\\Security\\Admin\\EmployeeProvider"} []
[2018-02-01 10:42:51] app.ERROR: Data from PrestaShop Addons is invalid, and cannot fallback on cache.  {"exception":"cURL error 28: Operation timed out after 5000 milliseconds with 526807803625472 bytes received"} []
[2018-02-01 10:42:52] security.DEBUG: Stored the security token in the session. {"key":"_security_main"} []
[2018-02-01 10:43:05] request.INFO: Matched route "admin_module_configure_action". {"route_parameters":{"_controller":"PrestaShopBundle\\Controller\\Admin\\ModuleController::configureModuleAction","_legacy_controller":"AdminModules","module_name":"ps_imageslider","_route":"admin_module_configure_action"},"request_uri":"http://localhost/stage/webshop/admin378e5kpgu/index.php/module/manage/action/configure/ps_imageslider?_token=nWxMgpoIrN30ITdqk5yDFaItWyFcbsA6LzHKjQz36YA"} []
[2018-02-01 10:43:05] security.DEBUG: Read existing security token from the session. {"key":"_security_main"} []
[2018-02-01 10:43:05] security.DEBUG: User was reloaded from a user provider. {"username":"lemonture@gmail.com","provider":"PrestaShopBundle\\Security\\Admin\\EmployeeProvider"} []
[2018-02-01 10:43:10] app.ERROR: Data from PrestaShop Addons is invalid, and cannot fallback on cache.  {"exception":"cURL error 28: Operation timed out after 5000 milliseconds with 528422711328768 bytes received"} []
[2018-02-01 10:43:11] security.DEBUG: Stored the security token in the session. {"key":"_security_main"} []
